  Application.cpp
  DoubleEndedStackAllocator.cpp
C:\Users\Jerry\Documents\GitHub\CMP316-Coursework\DoubleEndedStackAllocator.cpp(9,20): warning C4267: '=': conversion from 'size_t' to 'int', possible loss of data
C:\Users\Jerry\Documents\GitHub\CMP316-Coursework\DoubleEndedStackAllocator.cpp(26,23): warning C4267: '+=': conversion from 'size_t' to 'int', possible loss of data
C:\Users\Jerry\Documents\GitHub\CMP316-Coursework\DoubleEndedStackAllocator.cpp(32,42): warning C4267: '=': conversion from 'size_t' to '_Ty', possible loss of data
C:\Users\Jerry\Documents\GitHub\CMP316-Coursework\DoubleEndedStackAllocator.cpp(32,42): warning C4267:         with
C:\Users\Jerry\Documents\GitHub\CMP316-Coursework\DoubleEndedStackAllocator.cpp(32,42): warning C4267:         [
C:\Users\Jerry\Documents\GitHub\CMP316-Coursework\DoubleEndedStackAllocator.cpp(32,42): warning C4267:             _Ty=int
C:\Users\Jerry\Documents\GitHub\CMP316-Coursework\DoubleEndedStackAllocator.cpp(32,42): warning C4267:         ]
C:\Users\Jerry\Documents\GitHub\CMP316-Coursework\DoubleEndedStackAllocator.cpp(43,20): warning C4267: '+=': conversion from 'size_t' to 'int', possible loss of data
C:\Users\Jerry\Documents\GitHub\CMP316-Coursework\DoubleEndedStackAllocator.cpp(49,36): warning C4267: '=': conversion from 'size_t' to '_Ty', possible loss of data
C:\Users\Jerry\Documents\GitHub\CMP316-Coursework\DoubleEndedStackAllocator.cpp(49,36): warning C4267:         with
C:\Users\Jerry\Documents\GitHub\CMP316-Coursework\DoubleEndedStackAllocator.cpp(49,36): warning C4267:         [
C:\Users\Jerry\Documents\GitHub\CMP316-Coursework\DoubleEndedStackAllocator.cpp(49,36): warning C4267:             _Ty=int
C:\Users\Jerry\Documents\GitHub\CMP316-Coursework\DoubleEndedStackAllocator.cpp(49,36): warning C4267:         ]
C:\Users\Jerry\Documents\GitHub\CMP316-Coursework\DoubleEndedStackAllocator.cpp(112,23): warning C4267: '-=': conversion from 'size_t' to 'int', possible loss of data
C:\Users\Jerry\Documents\GitHub\CMP316-Coursework\DoubleEndedStackAllocator.cpp(137,20): warning C4267: '-=': conversion from 'size_t' to 'int', possible loss of data
  RenderSystem.cpp
  SoundFX.cpp
  imgui.cpp
  imgui_demo.cpp
  imgui_draw.cpp
  imgui_impl_glfw.cpp
  imgui_impl_opengl3.cpp
  imgui_tables.cpp
  imgui_widgets.cpp
  rlImGui.cpp
  Enginoaly.cpp
  GameObject.cpp
  Input.cpp
C:\Users\Jerry\Documents\GitHub\CMP316-Coursework\Input.h(123,9): warning C4005: 'MOUSE_LEFT_BUTTON': macro redefinition
  (compiling source file 'Input.cpp')
      C:\Users\Jerry\Documents\GitHub\CMP316-Coursework\dependencies\raylib-master\out\build\x64-Debug\raylib\include\raylib.h(694,9):
      see previous definition of 'MOUSE_LEFT_BUTTON'
  
C:\Users\Jerry\Documents\GitHub\CMP316-Coursework\Input.h(124,9): warning C4005: 'MOUSE_RIGHT_BUTTON': macro redefinition
  (compiling source file 'Input.cpp')
      C:\Users\Jerry\Documents\GitHub\CMP316-Coursework\dependencies\raylib-master\out\build\x64-Debug\raylib\include\raylib.h(695,9):
      see previous definition of 'MOUSE_RIGHT_BUTTON'
  
C:\Users\Jerry\Documents\GitHub\CMP316-Coursework\Input.h(125,9): warning C4005: 'MOUSE_MIDDLE_BUTTON': macro redefinition
  (compiling source file 'Input.cpp')
      C:\Users\Jerry\Documents\GitHub\CMP316-Coursework\dependencies\raylib-master\out\build\x64-Debug\raylib\include\raylib.h(696,9):
      see previous definition of 'MOUSE_MIDDLE_BUTTON'
  
C:\Users\Jerry\Documents\GitHub\CMP316-Coursework\Input.cpp(84,29): warning C4244: 'return': conversion from 'float' to 'int', possible loss of data
  StackAllocator.cpp
C:\Users\Jerry\Documents\GitHub\CMP316-Coursework\StackAllocator.cpp(9,14): warning C4267: '=': conversion from 'size_t' to 'int', possible loss of data
C:\Users\Jerry\Documents\GitHub\CMP316-Coursework\StackAllocator.cpp(26,17): warning C4267: '+=': conversion from 'size_t' to 'int', possible loss of data
C:\Users\Jerry\Documents\GitHub\CMP316-Coursework\StackAllocator.cpp(34,30): warning C4267: '=': conversion from 'size_t' to '_Ty', possible loss of data
C:\Users\Jerry\Documents\GitHub\CMP316-Coursework\StackAllocator.cpp(34,30): warning C4267:         with
C:\Users\Jerry\Documents\GitHub\CMP316-Coursework\StackAllocator.cpp(34,30): warning C4267:         [
C:\Users\Jerry\Documents\GitHub\CMP316-Coursework\StackAllocator.cpp(34,30): warning C4267:             _Ty=int
C:\Users\Jerry\Documents\GitHub\CMP316-Coursework\StackAllocator.cpp(34,30): warning C4267:         ]
C:\Users\Jerry\Documents\GitHub\CMP316-Coursework\StackAllocator.cpp(45,17): warning C4267: '-=': conversion from 'size_t' to 'int', possible loss of data
  Texture.cpp
  UniquePointer.cpp
  Generating Code...
C:\Users\Jerry\Documents\GitHub\CMP316-Coursework\Input.cpp(9,1): warning C4715: 'Input::isKeyDown': not all control paths return a value
C:\Users\Jerry\Documents\GitHub\CMP316-Coursework\Input.cpp(23,1): warning C4717: 'Input::isKeyPressedAgain': recursive on all control paths, function will cause runtime stack overflow
C:\Users\Jerry\Documents\GitHub\CMP316-Coursework\SoundFX.cpp(70,1): warning C4717: 'SoundFX::isMusicPlaying': recursive on all control paths, function will cause runtime stack overflow
raylib.lib(rcore.c.obj) : warning LNK4099: PDB '' was not found with 'raylib.lib(rcore.c.obj)' or at ''; linking object as if no debug info
raylib.lib(rtextures.c.obj) : warning LNK4099: PDB '' was not found with 'raylib.lib(rtextures.c.obj)' or at ''; linking object as if no debug info
raylib.lib(rtext.c.obj) : warning LNK4099: PDB '' was not found with 'raylib.lib(rtext.c.obj)' or at ''; linking object as if no debug info
raylib.lib(raudio.c.obj) : warning LNK4099: PDB '' was not found with 'raylib.lib(raudio.c.obj)' or at ''; linking object as if no debug info
raylib.lib(init.c.obj) : warning LNK4099: PDB '' was not found with 'raylib.lib(init.c.obj)' or at ''; linking object as if no debug info
raylib.lib(monitor.c.obj) : warning LNK4099: PDB '' was not found with 'raylib.lib(monitor.c.obj)' or at ''; linking object as if no debug info
raylib.lib(window.c.obj) : warning LNK4099: PDB '' was not found with 'raylib.lib(window.c.obj)' or at ''; linking object as if no debug info
raylib.lib(input.c.obj) : warning LNK4099: PDB '' was not found with 'raylib.lib(input.c.obj)' or at ''; linking object as if no debug info
raylib.lib(win32_window.c.obj) : warning LNK4099: PDB '' was not found with 'raylib.lib(win32_window.c.obj)' or at ''; linking object as if no debug info
raylib.lib(utils.c.obj) : warning LNK4099: PDB '' was not found with 'raylib.lib(utils.c.obj)' or at ''; linking object as if no debug info
raylib.lib(rshapes.c.obj) : warning LNK4099: PDB '' was not found with 'raylib.lib(rshapes.c.obj)' or at ''; linking object as if no debug info
raylib.lib(platform.c.obj) : warning LNK4099: PDB '' was not found with 'raylib.lib(platform.c.obj)' or at ''; linking object as if no debug info
raylib.lib(context.c.obj) : warning LNK4099: PDB '' was not found with 'raylib.lib(context.c.obj)' or at ''; linking object as if no debug info
raylib.lib(win32_time.c.obj) : warning LNK4099: PDB '' was not found with 'raylib.lib(win32_time.c.obj)' or at ''; linking object as if no debug info
raylib.lib(win32_thread.c.obj) : warning LNK4099: PDB '' was not found with 'raylib.lib(win32_thread.c.obj)' or at ''; linking object as if no debug info
raylib.lib(vulkan.c.obj) : warning LNK4099: PDB '' was not found with 'raylib.lib(vulkan.c.obj)' or at ''; linking object as if no debug info
raylib.lib(win32_init.c.obj) : warning LNK4099: PDB '' was not found with 'raylib.lib(win32_init.c.obj)' or at ''; linking object as if no debug info
raylib.lib(win32_monitor.c.obj) : warning LNK4099: PDB '' was not found with 'raylib.lib(win32_monitor.c.obj)' or at ''; linking object as if no debug info
raylib.lib(wgl_context.c.obj) : warning LNK4099: PDB '' was not found with 'raylib.lib(wgl_context.c.obj)' or at ''; linking object as if no debug info
raylib.lib(egl_context.c.obj) : warning LNK4099: PDB '' was not found with 'raylib.lib(egl_context.c.obj)' or at ''; linking object as if no debug info
raylib.lib(osmesa_context.c.obj) : warning LNK4099: PDB '' was not found with 'raylib.lib(osmesa_context.c.obj)' or at ''; linking object as if no debug info
raylib.lib(win32_module.c.obj) : warning LNK4099: PDB '' was not found with 'raylib.lib(win32_module.c.obj)' or at ''; linking object as if no debug info
raylib.lib(win32_joystick.c.obj) : warning LNK4099: PDB '' was not found with 'raylib.lib(win32_joystick.c.obj)' or at ''; linking object as if no debug info
  Enginoaly.vcxproj -> C:\Users\Jerry\Documents\GitHub\CMP316-Coursework\x64\Debug\Enginoaly.exe
